Deleted hdfs://cluster-6-master.gg.hackreduce.net/home/hackreduce/users/trs80/py_output
packageJobJar: [aki-mapper.py, aki-reducer.py, /tmp/hadoop-hackreduce/hadoop-unjar8635549652026826513/] [] /tmp/streamjob7818382188254235580.jar tmpDir=null
12/11/17 12:35:56 WARN snappy.LoadSnappy: Snappy native library is available
12/11/17 12:35:56 INFO util.NativeCodeLoader: Loaded the native-hadoop library
12/11/17 12:35:56 INFO snappy.LoadSnappy: Snappy native library loaded
12/11/17 12:35:56 INFO mapred.FileInputFormat: Total input paths to process : 1
12/11/17 12:35:56 INFO streaming.StreamJob: getLocalDirs(): [/tmp/hadoop-hackreduce/mapred/local]
12/11/17 12:35:56 INFO streaming.StreamJob: Running job: job_201211161310_0038
12/11/17 12:35:56 INFO streaming.StreamJob: To kill this job, run:
12/11/17 12:35:56 INFO streaming.StreamJob: /usr/lib/hadoop-0.20/bin/hadoop job  -Dmapred.job.tracker=cluster-6-master.gg.hackreduce.net:9000 -kill job_201211161310_0038
12/11/17 12:35:56 INFO streaming.StreamJob: Tracking URL: http://cluster-6-master.gg.hackreduce.net:50030/jobdetails.jsp?jobid=job_201211161310_0038
12/11/17 12:35:57 INFO streaming.StreamJob:  map 0%  reduce 0%
12/11/17 12:36:08 INFO streaming.StreamJob:  map 2%  reduce 0%
12/11/17 12:36:09 INFO streaming.StreamJob:  map 4%  reduce 0%
12/11/17 12:36:10 INFO streaming.StreamJob:  map 5%  reduce 0%
12/11/17 12:36:11 INFO streaming.StreamJob:  map 6%  reduce 0%
12/11/17 12:36:12 INFO streaming.StreamJob:  map 8%  reduce 0%
12/11/17 12:36:13 INFO streaming.StreamJob:  map 9%  reduce 0%
12/11/17 12:36:14 INFO streaming.StreamJob:  map 10%  reduce 0%
12/11/17 12:36:15 INFO streaming.StreamJob:  map 12%  reduce 0%
12/11/17 12:36:16 INFO streaming.StreamJob:  map 13%  reduce 0%
12/11/17 12:36:17 INFO streaming.StreamJob:  map 14%  reduce 0%
12/11/17 12:36:18 INFO streaming.StreamJob:  map 16%  reduce 0%
12/11/17 12:36:19 INFO streaming.StreamJob:  map 17%  reduce 0%
12/11/17 12:36:20 INFO streaming.StreamJob:  map 18%  reduce 0%
12/11/17 12:36:21 INFO streaming.StreamJob:  map 20%  reduce 0%
12/11/17 12:36:22 INFO streaming.StreamJob:  map 21%  reduce 0%
12/11/17 12:36:23 INFO streaming.StreamJob:  map 22%  reduce 0%
12/11/17 12:36:24 INFO streaming.StreamJob:  map 24%  reduce 0%
12/11/17 12:36:25 INFO streaming.StreamJob:  map 25%  reduce 0%
12/11/17 12:36:26 INFO streaming.StreamJob:  map 26%  reduce 0%
12/11/17 12:36:27 INFO streaming.StreamJob:  map 28%  reduce 0%
12/11/17 12:36:28 INFO streaming.StreamJob:  map 30%  reduce 0%
12/11/17 12:36:30 INFO streaming.StreamJob:  map 32%  reduce 0%
12/11/17 12:36:31 INFO streaming.StreamJob:  map 33%  reduce 0%
12/11/17 12:36:32 INFO streaming.StreamJob:  map 34%  reduce 0%
12/11/17 12:36:33 INFO streaming.StreamJob:  map 36%  reduce 0%
12/11/17 12:36:34 INFO streaming.StreamJob:  map 38%  reduce 0%
12/11/17 12:36:36 INFO streaming.StreamJob:  map 40%  reduce 0%
12/11/17 12:36:37 INFO streaming.StreamJob:  map 42%  reduce 0%
12/11/17 12:36:39 INFO streaming.StreamJob:  map 44%  reduce 0%
12/11/17 12:36:40 INFO streaming.StreamJob:  map 46%  reduce 0%
12/11/17 12:36:42 INFO streaming.StreamJob:  map 48%  reduce 0%
12/11/17 12:36:43 INFO streaming.StreamJob:  map 49%  reduce 0%
12/11/17 12:36:44 INFO streaming.StreamJob:  map 50%  reduce 0%
12/11/17 12:36:45 INFO streaming.StreamJob:  map 51%  reduce 0%
12/11/17 12:36:46 INFO streaming.StreamJob:  map 53%  reduce 0%
12/11/17 12:36:47 INFO streaming.StreamJob:  map 54%  reduce 0%
12/11/17 12:36:48 INFO streaming.StreamJob:  map 55%  reduce 0%
12/11/17 12:36:49 INFO streaming.StreamJob:  map 57%  reduce 0%
12/11/17 12:36:50 INFO streaming.StreamJob:  map 58%  reduce 0%
12/11/17 12:36:51 INFO streaming.StreamJob:  map 59%  reduce 0%
12/11/17 12:36:52 INFO streaming.StreamJob:  map 61%  reduce 0%
12/11/17 12:36:53 INFO streaming.StreamJob:  map 62%  reduce 0%
12/11/17 12:36:54 INFO streaming.StreamJob:  map 63%  reduce 0%
12/11/17 12:36:55 INFO streaming.StreamJob:  map 65%  reduce 0%
12/11/17 12:36:56 INFO streaming.StreamJob:  map 66%  reduce 0%
12/11/17 12:36:57 INFO streaming.StreamJob:  map 67%  reduce 0%
12/11/17 12:36:58 INFO streaming.StreamJob:  map 68%  reduce 0%
12/11/17 12:36:59 INFO streaming.StreamJob:  map 70%  reduce 0%
12/11/17 12:37:01 INFO streaming.StreamJob:  map 72%  reduce 0%
12/11/17 12:37:02 INFO streaming.StreamJob:  map 73%  reduce 0%
12/11/17 12:37:03 INFO streaming.StreamJob:  map 74%  reduce 0%
12/11/17 12:37:04 INFO streaming.StreamJob:  map 75%  reduce 0%
12/11/17 12:37:05 INFO streaming.StreamJob:  map 77%  reduce 0%
12/11/17 12:37:07 INFO streaming.StreamJob:  map 79%  reduce 0%
12/11/17 12:37:08 INFO streaming.StreamJob:  map 81%  reduce 0%
12/11/17 12:37:10 INFO streaming.StreamJob:  map 83%  reduce 0%
12/11/17 12:37:11 INFO streaming.StreamJob:  map 84%  reduce 0%
12/11/17 12:37:12 INFO streaming.StreamJob:  map 85%  reduce 0%
12/11/17 12:37:13 INFO streaming.StreamJob:  map 87%  reduce 0%
12/11/17 12:37:14 INFO streaming.StreamJob:  map 88%  reduce 0%
12/11/17 12:37:15 INFO streaming.StreamJob:  map 89%  reduce 0%
12/11/17 12:37:16 INFO streaming.StreamJob:  map 90%  reduce 0%
12/11/17 12:37:17 INFO streaming.StreamJob:  map 92%  reduce 0%
12/11/17 12:37:18 INFO streaming.StreamJob:  map 93%  reduce 0%
12/11/17 12:37:19 INFO streaming.StreamJob:  map 94%  reduce 0%
12/11/17 12:37:20 INFO streaming.StreamJob:  map 96%  reduce 0%
12/11/17 12:37:22 INFO streaming.StreamJob:  map 98%  reduce 0%
12/11/17 12:37:23 INFO streaming.StreamJob:  map 99%  reduce 0%
12/11/17 12:37:24 INFO streaming.StreamJob:  map 100%  reduce 0%
12/11/17 12:43:48 INFO streaming.StreamJob:  map 100%  reduce 100%
12/11/17 12:43:48 INFO streaming.StreamJob: To kill this job, run:
12/11/17 12:43:48 INFO streaming.StreamJob: /usr/lib/hadoop-0.20/bin/hadoop job  -Dmapred.job.tracker=cluster-6-master.gg.hackreduce.net:9000 -kill job_201211161310_0038
12/11/17 12:43:48 INFO streaming.StreamJob: Tracking URL: http://cluster-6-master.gg.hackreduce.net:50030/jobdetails.jsp?jobid=job_201211161310_0038
12/11/17 12:43:48 ERROR streaming.StreamJob: Job not successful. Error: NA
12/11/17 12:43:48 INFO streaming.StreamJob: killJob...
Streaming Command Failed!
